<?xml version="1.0" encoding="UTF-8"?>
<!-- Generated by org.testng.reporters.JUnitReportReporter -->
<testsuite hostname="DESKTOP-G3P2QS5" failures="0" tests="1" name="com.banking.master.BranchesNG" time="7.055" errors="0" timestamp="2023-09-03T19:09:50 IST" skipped="0">
  <testcase classname="com.banking.master.BranchesNG" name="branch" time="7.055"/>
</testsuite> <!-- com.banking.master.BranchesNG -->
