<?xml version="1.0" encoding="UTF-8"?>
<!-- Generated by org.testng.reporters.JUnitReportReporter -->
<testsuite hostname="DESKTOP-G3P2QS5" failures="0" tests="2" name="com.banking.scripts.SmpleTestNG" time="8.998" errors="0" timestamp="2024-04-04T13:45:02 IST" skipped="0">
  <testcase classname="com.banking.scripts.SmpleTestNG" name="bcd" time="4.593"/>
  <testcase classname="com.banking.scripts.SmpleTestNG" name="abc" time="4.405"/>
</testsuite> <!-- com.banking.scripts.SmpleTestNG -->
